TN:
SF:/home/alessia/Documenti/IS/quality/auth.c
FN:10,13,trim_nl
FN:109,168,rewrite_db_skip_or_replace
FN:15,24,ct_str_eq
FN:170,174,auth_delete
FN:176,180,auth_change_password
FN:182,196,auth_rename_user
FN:26,45,find_user
FN:47,56,auth_init
FN:58,65,is_input_invalid
FN:67,86,auth_add
FN:88,107,auth_check
FNDA:7,trim_nl
FNDA:1,rewrite_db_skip_or_replace
FNDA:4,ct_str_eq
FNDA:1,auth_delete
FNDA:0,auth_change_password
FNDA:0,auth_rename_user
FNDA:2,find_user
FNDA:3,auth_init
FNDA:2,is_input_invalid
FNDA:2,auth_add
FNDA:0,auth_check
FNF:11
FNH:8
DA:10,7
DA:11,7
DA:12,14
DA:13,7
DA:15,4
DA:16,4
DA:17,4
DA:18,14
DA:19,10
DA:20,10
DA:21,10
DA:23,4
DA:26,2
DA:28,2
DA:29,5
DA:30,4
DA:31,4
DA:32,4
DA:33,4
DA:34,4
DA:35,4
DA:36,4
DA:37,1
DA:38,0
DA:39,0
DA:41,1
DA:44,1
DA:47,3
DA:48,3
DA:49,3
DA:50,3
DA:52,3
DA:53,3
DA:54,3
DA:55,3
DA:58,2
DA:59,2
DA:60,2
DA:62,2
DA:63,2
DA:64,2
DA:67,2
DA:68,2
DA:69,0
DA:72,2
DA:73,2
DA:74,0
DA:75,0
DA:77,2
DA:78,1
DA:79,1
DA:80,1
DA:82,1
DA:83,1
DA:84,1
DA:85,1
DA:88,0
DA:89,0
DA:90,0
DA:91,0
DA:93,0
DA:94,0
DA:95,0
DA:96,0
DA:97,0
DA:98,0
DA:99,0
DA:101,0
DA:103,0
DA:105,0
DA:106,0
DA:109,1
DA:112,1
DA:113,1
DA:116,1
DA:118,1
DA:119,1
DA:122,1
DA:124,4
DA:126,3
DA:127,3
DA:128,3
DA:129,3
DA:130,3
DA:131,3
DA:132,3
DA:134,3
DA:135,1
DA:136,1
DA:139,0
DA:140,0
DA:141,0
DA:143,1
DA:145,2
DA:149,1
DA:150,1
DA:152,1
DA:153,0
DA:154,0
DA:155,0
DA:158,1
DA:159,1
DA:160,0
DA:161,0
DA:162,0
DA:164,0
DA:165,0
DA:167,1
DA:170,1
DA:171,1
DA:172,1
DA:173,1
DA:176,0
DA:177,0
DA:178,0
DA:179,0
DA:182,0
DA:183,0
DA:185,0
DA:186,0
DA:187,0
DA:188,0
DA:189,0
DA:190,0
DA:192,0
DA:194,0
DA:195,0
LF:127
LH:81
end_of_record
TN:
SF:/home/alessia/Documenti/IS/quality/main.c
FN:100,107,operazione_composita
FN:104,111,operazione_composita
FN:109,135,debug_extra
FN:113,136,debug_choice
FN:137,198,cambia_password
FN:138,147,debug_extra
FN:149,157,controlla_psw
FN:159,194,controlla_formato_psw
FN:18,27,read_line
FN:196,205,cambia_password
FN:200,235,rinomina_utente
FN:207,221,controlla_valore_nu
FN:223,245,rinomina_utente
FN:238,249,demo_ub
FN:248,259,demo_ub
FN:252,252,f_side
FN:253,253,g_side
FN:256,261,demo_unspecified
FN:262,262,f_side
FN:263,263,demo_comment_mix
FN:263,263,g_side
FN:266,271,demo_unspecified
FN:273,288,demo_comment_mix
FN:280,330,main
FN:29,39,crea_utente
FN:290,313,main_choice
FN:315,327,mostra_menu
FN:329,349,main
FN:42,61,effettua_login
FN:64,78,cancella_utente
FN:80,88,controlla_validita_input
FN:81,98,modifica_utente
FN:90,102,modifica_utente
FNDA:0,operazione_composita
FNDA:0,operazione_composita
FNDA:0,debug_extra
FNDA:0,debug_choice
FNDA:0,cambia_password
FNDA:0,debug_extra
FNDA:1,controlla_psw
FNDA:1,controlla_formato_psw
FNDA:7,read_line
FNDA:1,cambia_password
FNDA:0,rinomina_utente
FNDA:0,controlla_valore_nu
FNDA:0,rinomina_utente
FNDA:0,demo_ub
FNDA:0,demo_ub
FNDA:0,f_side
FNDA:0,g_side
FNDA:0,demo_unspecified
FNDA:0,f_side
FNDA:0,demo_comment_mix
FNDA:0,g_side
FNDA:0,demo_unspecified
FNDA:0,demo_comment_mix
FNDA:1,main
FNDA:2,crea_utente
FNDA:5,main_choice
FNDA:5,mostra_menu
FNDA:1,main
FNDA:0,effettua_login
FNDA:1,cancella_utente
FNDA:1,controlla_validita_input
FNDA:0,modifica_utente
FNDA:1,modifica_utente
FNF:33
FNH:12
DA:18,7
DA:19,7
DA:20,7
DA:21,7
DA:22,7
DA:23,14
DA:25,0
DA:27,7
DA:29,2
DA:31,2
DA:32,2
DA:34,2
DA:35,1
DA:37,1
DA:39,2
DA:42,0
DA:44,0
DA:45,0
DA:46,0
DA:47,0
DA:48,0
DA:49,0
DA:61,0
DA:64,1
DA:66,1
DA:68,1
DA:69,1
DA:70,1
DA:71,1
DA:72,1
DA:74,0
DA:77,0
DA:80,1
DA:81,1
DA:82,1
DA:83,0
DA:84,0
DA:85,0
DA:86,0
DA:87,1
DA:88,0
DA:90,1
DA:91,1
DA:92,1
DA:93,1
DA:94,1
DA:95,1
DA:96,0
DA:97,0
DA:98,0
DA:99,0
DA:100,0
DA:101,0
DA:102,1
DA:103,0
DA:104,0
DA:105,0
DA:106,0
DA:107,0
DA:108,0
DA:109,0
DA:111,0
DA:112,0
DA:113,0
DA:114,0
DA:115,0
DA:116,0
DA:117,0
DA:118,0
DA:119,0
DA:120,0
DA:121,0
DA:122,0
DA:123,0
DA:124,0
DA:125,0
DA:126,0
DA:127,0
DA:128,0
DA:129,0
DA:130,0
DA:133,0
DA:136,0
DA:137,0
DA:138,0
DA:139,0
DA:140,0
DA:141,0
DA:142,0
DA:143,0
DA:144,0
DA:145,0
DA:146,0
DA:147,0
DA:148,0
DA:149,1
DA:150,2
DA:151,1
DA:152,1
DA:153,1
DA:154,1
DA:155,1
DA:156,0
DA:157,1
DA:158,0
DA:159,1
DA:160,1
DA:161,1
DA:162,0
DA:163,1
DA:164,1
DA:165,0
DA:166,0
DA:167,0
DA:168,0
DA:169,0
DA:170,0
DA:171,0
DA:172,0
DA:173,0
DA:174,0
DA:175,0
DA:176,0
DA:177,0
DA:178,0
DA:179,0
DA:180,0
DA:181,0
DA:182,0
DA:183,0
DA:184,0
DA:185,0
DA:186,0
DA:187,0
DA:188,0
DA:189,0
DA:190,0
DA:191,0
DA:192,0
DA:193,0
DA:194,1
DA:195,0
DA:196,1
DA:198,0
DA:199,1
DA:200,1
DA:202,1
DA:203,1
DA:204,1
DA:205,1
DA:206,0
DA:207,0
DA:208,0
DA:209,0
DA:210,0
DA:211,0
DA:212,0
DA:213,0
DA:214,0
DA:215,0
DA:216,0
DA:217,0
DA:218,0
DA:219,0
DA:220,0
DA:221,0
DA:222,0
DA:223,0
DA:224,0
DA:225,0
DA:226,0
DA:227,0
DA:228,0
DA:229,0
DA:230,0
DA:231,0
DA:232,0
DA:233,0
DA:234,0
DA:235,0
DA:238,0
DA:239,0
DA:240,0
DA:241,0
DA:242,0
DA:243,0
DA:244,0
DA:245,0
DA:246,0
DA:247,0
DA:248,0
DA:249,0
DA:250,0
DA:251,0
DA:252,0
DA:253,0
DA:254,0
DA:255,0
DA:256,0
DA:257,0
DA:258,0
DA:259,0
DA:260,0
DA:261,0
DA:262,0
DA:263,0
DA:264,0
DA:265,0
DA:266,0
DA:267,0
DA:268,0
DA:269,0
DA:270,0
DA:271,0
DA:273,0
DA:274,0
DA:275,0
DA:276,0
DA:277,0
DA:278,0
DA:280,1
DA:282,1
DA:283,1
DA:284,1
DA:286,1
DA:287,0
DA:288,0
DA:290,5
DA:291,5
DA:292,3
DA:293,1
DA:294,2
DA:295,2
DA:296,1
DA:297,1
DA:298,1
DA:299,1
DA:300,1
DA:301,1
DA:302,1
DA:303,0
DA:304,1
DA:305,1
DA:306,1
DA:307,0
DA:308,1
DA:309,1
DA:310,0
DA:311,0
DA:312,4
DA:313,0
DA:314,0
DA:315,5
DA:316,5
DA:317,5
DA:318,5
DA:319,5
DA:320,5
DA:321,5
DA:322,5
DA:323,5
DA:324,5
DA:325,5
DA:326,6
DA:327,5
DA:329,1
DA:330,1
DA:331,1
DA:332,1
DA:334,1
DA:335,0
DA:336,0
DA:339,4
DA:340,5
DA:341,5
DA:342,5
DA:343,5
DA:344,5
DA:345,5
DA:346,1
LF:280
LH:103
end_of_record
